[LINE:157]
omit_dirs_a= ['.git']
[LINE:167]
next_path_a= ['hooks', 'info', 'logs', 'objects', 'refs']
[LINE:157]
omit_dirs_a= ['.git']
[LINE:167]
next_path_a= []
[LINE:157]
omit_dirs_a= ['.git']
[LINE:167]
next_path_a= []
[LINE:157]
omit_dirs_a= ['.git']
[LINE:167]
next_path_a= ['refs']
[LINE:157]
omit_dirs_a= ['.git']
[LINE:167]
next_path_a= ['heads', 'remotes']
[LINE:157]
omit_dirs_a= ['.git']
[LINE:167]
next_path_a= []
[LINE:157]
omit_dirs_a= ['.git']
[LINE:167]
next_path_a= ['origin']
[LINE:157]
omit_dirs_a= ['.git']
[LINE:167]
next_path_a= []
[LINE:157]
omit_dirs_a= ['.git']
[LINE:167]
next_path_a= ['01', '02', '04', '06', '08', '0a', '0c', '0e', '1a', '1b', '26', '34', '3a', '3b', '3c', '3d', '3f', '41', '47', '4e', '4f', '5b', '61', '63', '67', '6b', '71', '78', '79', '7a', '7b', '85', '87', '88', '92', '96', '97', '98', 'a5', 'a9', 'ad', 'ae', 'af', 'b0', 'b5', 'b6', 'b7', 'b9', 'bc', 'be', 'c3', 'c5', 'c6', 'c9', 'cc', 'cd', 'd0', 'd2', 'd5', 'd6', 'dc', 'e1', 'e2', 'e3', 'e5', 'e8', 'e9', 'ea', 'ed', 'ef', 'f1', 'f4', 'f6', 'f9', 'fd', 'info', 'pack']
[LINE:157]
omit_dirs_a= ['.git']
[LINE:167]
next_path_a= []
[LINE:157]
omit_dirs_a= ['.git']
[LINE:167]
next_path_a= []
[LINE:157]
omit_dirs_a= ['.git']
[LINE:167]
next_path_a= []
[LINE:157]
omit_dirs_a= ['.git']
[LINE:167]
next_path_a= []
[LINE:157]
omit_dirs_a= ['.git']
[LINE:167]
next_path_a= []
[LINE:157]
omit_dirs_a= ['.git']
[LINE:167]
next_path_a= []
[LINE:157]
omit_dirs_a= ['.git']
[LINE:167]
next_path_a= []
[LINE:157]
omit_dirs_a= ['.git']
[LINE:167]
next_path_a= []
[LINE:157]
omit_dirs_a= ['.git']
[LINE:167]
next_path_a= []
[LINE:157]
omit_dirs_a= ['.git']
[LINE:167]
next_path_a= []
[LINE:157]
omit_dirs_a= ['.git']
[LINE:167]
next_path_a= []
[LINE:157]
omit_dirs_a= ['.git']
[LINE:167]
next_path_a= []
[LINE:157]
omit_dirs_a= ['.git']
[LINE:167]
next_path_a= []
[LINE:157]
omit_dirs_a= ['.git']
[LINE:167]
next_path_a= []
[LINE:157]
omit_dirs_a= ['.git']
[LINE:167]
next_path_a= []
[LINE:157]
omit_dirs_a= ['.git']
[LINE:167]
next_path_a= []
[LINE:157]
omit_dirs_a= ['.git']
[LINE:167]
next_path_a= []
[LINE:157]
omit_dirs_a= ['.git']
[LINE:167]
next_path_a= []
[LINE:157]
omit_dirs_a= ['.git']
[LINE:167]
next_path_a= []
[LINE:157]
omit_dirs_a= ['.git']
[LINE:167]
next_path_a= []
[LINE:157]
omit_dirs_a= ['.git']
[LINE:167]
next_path_a= []
[LINE:157]
omit_dirs_a= ['.git']
[LINE:167]
next_path_a= []
[LINE:157]
omit_dirs_a= ['.git']
[LINE:167]
next_path_a= []
[LINE:157]
omit_dirs_a= ['.git']
[LINE:167]
next_path_a= []
[LINE:157]
omit_dirs_a= ['.git']
[LINE:167]
next_path_a= []
[LINE:157]
omit_dirs_a= ['.git']
[LINE:167]
next_path_a= []
[LINE:157]
omit_dirs_a= ['.git']
[LINE:167]
next_path_a= []
[LINE:157]
omit_dirs_a= ['.git']
[LINE:167]
next_path_a= []
[LINE:157]
omit_dirs_a= ['.git']
[LINE:167]
next_path_a= []
[LINE:157]
omit_dirs_a= ['.git']
[LINE:167]
next_path_a= []
[LINE:157]
omit_dirs_a= ['.git']
[LINE:167]
next_path_a= []
[LINE:157]
omit_dirs_a= ['.git']
[LINE:167]
next_path_a= []
[LINE:157]
omit_dirs_a= ['.git']
[LINE:167]
next_path_a= []
[LINE:157]
omit_dirs_a= ['.git']
[LINE:167]
next_path_a= []
[LINE:157]
omit_dirs_a= ['.git']
[LINE:167]
next_path_a= []
[LINE:157]
omit_dirs_a= ['.git']
[LINE:167]
next_path_a= []
[LINE:157]
omit_dirs_a= ['.git']
[LINE:167]
next_path_a= []
[LINE:157]
omit_dirs_a= ['.git']
[LINE:167]
next_path_a= []
[LINE:157]
omit_dirs_a= ['.git']
[LINE:167]
next_path_a= []
[LINE:157]
omit_dirs_a= ['.git']
[LINE:167]
next_path_a= []
[LINE:157]
omit_dirs_a= ['.git']
[LINE:167]
next_path_a= []
[LINE:157]
omit_dirs_a= ['.git']
[LINE:167]
next_path_a= []
[LINE:157]
omit_dirs_a= ['.git']
[LINE:167]
next_path_a= []
[LINE:157]
omit_dirs_a= ['.git']
[LINE:167]
next_path_a= []
[LINE:157]
omit_dirs_a= ['.git']
[LINE:167]
next_path_a= []
[LINE:157]
omit_dirs_a= ['.git']
[LINE:167]
next_path_a= []
[LINE:157]
omit_dirs_a= ['.git']
[LINE:167]
next_path_a= []
[LINE:157]
omit_dirs_a= ['.git']
[LINE:167]
next_path_a= []
[LINE:157]
omit_dirs_a= ['.git']
[LINE:167]
next_path_a= []
[LINE:157]
omit_dirs_a= ['.git']
[LINE:167]
next_path_a= []
[LINE:157]
omit_dirs_a= ['.git']
[LINE:167]
next_path_a= []
[LINE:157]
omit_dirs_a= ['.git']
[LINE:167]
next_path_a= []
[LINE:157]
omit_dirs_a= ['.git']
[LINE:167]
next_path_a= []
[LINE:157]
omit_dirs_a= ['.git']
[LINE:167]
next_path_a= []
[LINE:157]
omit_dirs_a= ['.git']
[LINE:167]
next_path_a= []
[LINE:157]
omit_dirs_a= ['.git']
[LINE:167]
next_path_a= []
[LINE:157]
omit_dirs_a= ['.git']
[LINE:167]
next_path_a= []
[LINE:157]
omit_dirs_a= ['.git']
[LINE:167]
next_path_a= []
[LINE:157]
omit_dirs_a= ['.git']
[LINE:167]
next_path_a= []
[LINE:157]
omit_dirs_a= ['.git']
[LINE:167]
next_path_a= []
[LINE:157]
omit_dirs_a= ['.git']
[LINE:167]
next_path_a= []
[LINE:157]
omit_dirs_a= ['.git']
[LINE:167]
next_path_a= []
[LINE:157]
omit_dirs_a= ['.git']
[LINE:167]
next_path_a= []
[LINE:157]
omit_dirs_a= ['.git']
[LINE:167]
next_path_a= []
[LINE:157]
omit_dirs_a= ['.git']
[LINE:167]
next_path_a= []
[LINE:157]
omit_dirs_a= ['.git']
[LINE:167]
next_path_a= []
[LINE:157]
omit_dirs_a= ['.git']
[LINE:167]
next_path_a= []
[LINE:157]
omit_dirs_a= ['.git']
[LINE:167]
next_path_a= []
[LINE:157]
omit_dirs_a= ['.git']
[LINE:167]
next_path_a= []
[LINE:157]
omit_dirs_a= ['.git']
[LINE:167]
next_path_a= []
[LINE:157]
omit_dirs_a= ['.git']
[LINE:167]
next_path_a= []
[LINE:157]
omit_dirs_a= ['.git']
[LINE:167]
next_path_a= []
[LINE:157]
omit_dirs_a= ['.git']
[LINE:167]
next_path_a= []
[LINE:157]
omit_dirs_a= ['.git']
[LINE:167]
next_path_a= []
[LINE:157]
omit_dirs_a= ['.git']
[LINE:167]
next_path_a= []
[LINE:157]
omit_dirs_a= ['.git']
[LINE:167]
next_path_a= []
[LINE:157]
omit_dirs_a= ['.git']
[LINE:167]
next_path_a= []
[LINE:157]
omit_dirs_a= ['.git']
[LINE:167]
next_path_a= ['heads', 'remotes', 'tags']
[LINE:157]
omit_dirs_a= ['.git']
[LINE:167]
next_path_a= []
[LINE:157]
omit_dirs_a= ['.git']
[LINE:167]
next_path_a= ['origin']
[LINE:157]
omit_dirs_a= ['.git']
[LINE:167]
next_path_a= []
[LINE:157]
omit_dirs_a= ['.git']
[LINE:167]
next_path_a= []
[LINE:157]
omit_dirs_a= ['.git']
[LINE:167]
next_path_a= ['STOR_G20111027_043828_etc_1']
[LINE:157]
omit_dirs_a= ['.git']
[LINE:167]
next_path_a= []
[LINE:157]
omit_dirs_a= ['.git']
[LINE:167]
next_path_a= []
[LINE:157]
omit_dirs_a= ['.git']
[LINE:167]
next_path_a= ['G01_bat_files', 'windows_shellscript']
[LINE:157]
omit_dirs_a= ['.git']
[LINE:167]
next_path_a= []
[LINE:157]
omit_dirs_a= ['.git']
[LINE:167]
next_path_a= []
[LINE:157]
omit_dirs_a= ['.git']
[LINE:167]
next_path_a= ['G01', 'G02_get_time']
[LINE:157]
omit_dirs_a= ['.git']
[LINE:167]
next_path_a= ['STORAGE_G01']
[LINE:157]
omit_dirs_a= ['.git']
[LINE:167]
next_path_a= []
[LINE:157]
omit_dirs_a= ['.git']
[LINE:167]
next_path_a= ['STORAGE_G02_get_time']
[LINE:157]
omit_dirs_a= ['.git']
[LINE:167]
next_path_a= []
[LINE:157]
omit_dirs_a= ['.git']
[LINE:167]
next_path_a= ['helloworld']
[LINE:157]
omit_dirs_a= ['.git']
[LINE:167]
next_path_a= ['content', 'locale', 'skin']
[LINE:157]
omit_dirs_a= ['.git']
[LINE:167]
next_path_a= []
[LINE:157]
omit_dirs_a= ['.git']
[LINE:167]
next_path_a= ['en-US']
[LINE:157]
omit_dirs_a= ['.git']
[LINE:167]
next_path_a= []
[LINE:157]
omit_dirs_a= ['.git']
[LINE:167]
next_path_a= []
[LINE:157]
omit_dirs_a= ['.git']
[LINE:167]
next_path_a= ['a', 'd']
[LINE:157]
omit_dirs_a= ['.git']
[LINE:167]
next_path_a= ['b', 'c']
[LINE:157]
omit_dirs_a= ['.git']
[LINE:167]
next_path_a= []
[LINE:157]
omit_dirs_a= ['.git']
[LINE:167]
next_path_a= []
[LINE:157]
omit_dirs_a= ['.git']
[LINE:167]
next_path_a= ['e']
[LINE:157]
omit_dirs_a= ['.git']
[LINE:167]
next_path_a= []
[LINE:157]
omit_dirs_a= ['.git']
[LINE:167]
next_path_a= ['bin']
[LINE:157]
omit_dirs_a= ['.git']
[LINE:167]
next_path_a= []
[LINE:157]
omit_dirs_a= ['.git']
[LINE:167]
next_path_a= []
[LINE:157]
omit_dirs_a= ['.git']
[LINE:167]
next_path_a= []
